<?xml version="1.0" encoding="UTF-8"?>
<!-- Generated by org.testng.reporters.JUnitReportReporter -->
<testsuite skipped="0" hostname="Shailesh" name="testclasses.TestNg_TestClass1" tests="1" failures="0" timestamp="15 Sep 2019 16:12:05 GMT" time="0.015" errors="0">
  <testcase name="TestMethod" time="0.015" classname="testclasses.TestNg_TestClass1"/>
</testsuite> <!-- testclasses.TestNg_TestClass1 -->
