<?xml version="1.0" encoding="UTF-8"?>
<!-- Generated by org.testng.reporters.JUnitReportReporter -->
<testsuite skipped="0" hostname="Shailesh" name="testclasses.TestAnnotation" tests="3" failures="0" timestamp="14 Sep 2019 14:35:44 GMT" time="0.036" errors="0">
  <testcase name="testMethod3" time="0.004" classname="testclasses.TestAnnotation"/>
  <testcase name="testMethod1" time="0.009" classname="testclasses.TestAnnotation"/>
  <testcase name="atestMethod2" time="0.023" classname="testclasses.TestAnnotation"/>
</testsuite> <!-- testclasses.TestAnnotation -->
