<?xml version="1.0" encoding="UTF-8"?>
<!-- Generated by org.testng.reporters.JUnitReportReporter -->
<testsuite skipped="0" hostname="SEZT1FF221NCU" name="testclasses.SeleniumLoginTest" tests="1" failures="0" timestamp="2019-09-19T11:36:47 IST" time="9.439" errors="0">
  <testcase name="test1_ValidLoginTest" time="9.439" classname="testclasses.SeleniumLoginTest"/>
</testsuite> <!-- testclasses.SeleniumLoginTest -->
