<?xml version="1.0" encoding="UTF-8"?>
<!-- Generated by org.testng.reporters.JUnitReportReporter -->
<testsuite skipped="0" hostname="SEZT1FF221NCU" name="testclasses.TestNG_dataProvider" tests="2" failures="0" timestamp="2019-09-17T10:39:58 IST" time="0.005" errors="0">
  <testcase name="setup" time="0.005" classname="testclasses.TestNG_dataProvider"/>
  <testcase name="setup" time="0.000" classname="testclasses.TestNG_dataProvider"/>
</testsuite> <!-- testclasses.TestNG_dataProvider -->
