<?xml version="1.0" encoding="UTF-8"?>
<!-- Generated by org.testng.reporters.JUnitReportReporter -->
<testsuite skipped="0" hostname="Shailesh" name="testclasses.TestNg_Priority" tests="3" failures="0" timestamp="15 Sep 2019 22:38:33 GMT" time="0.028" errors="0">
  <testcase name="TestMethod3" time="0.013" classname="testclasses.TestNg_Priority"/>
  <testcase name="TestMethod2" time="0.006" classname="testclasses.TestNg_Priority"/>
  <testcase name="TestMethod1" time="0.009" classname="testclasses.TestNg_Priority"/>
</testsuite> <!-- testclasses.TestNg_Priority -->
