<?xml version="1.0" encoding="UTF-8"?>
<!-- Generated by org.testng.reporters.JUnitReportReporter -->
<testsuite skipped="0" hostname="Shailesh" name="testclasses.TestAsserts" tests="3" failures="0" timestamp="14 Sep 2019 16:11:17 GMT" time="0.041" errors="0">
  <testcase name="testString" time="0.007" classname="testclasses.TestAsserts"/>
  <testcase name="testSum" time="0.007" classname="testclasses.TestAsserts"/>
  <testcase name="testMethod3" time="0.027" classname="testclasses.TestAsserts"/>
</testsuite> <!-- testclasses.TestAsserts -->
