<?xml version="1.0" encoding="UTF-8"?>
<!-- Generated by org.testng.reporters.JUnitReportReporter -->
<testsuite skipped="0" hostname="SEZT1FF221NCU" name="testclasses.TestNG_Parallel1" tests="2" failures="0" timestamp="2019-09-17T10:41:35 IST" time="12.016" errors="0">
  <testcase name="testMethod1" time="6.008" classname="testclasses.TestNG_Parallel1"/>
  <testcase name="testMethod2" time="6.008" classname="testclasses.TestNG_Parallel1"/>
</testsuite> <!-- testclasses.TestNG_Parallel1 -->
