<?xml version="1.0" encoding="UTF-8"?>
<!-- Generated by org.testng.reporters.JUnitReportReporter -->
<testsuite skipped="0" hostname="Shailesh" name="testclasses.TestNg_Grouping" tests="2" failures="0" timestamp="15 Sep 2019 23:01:09 GMT" time="0.014" errors="0">
  <testcase name="testHero" time="0.009" classname="testclasses.TestNg_Grouping"/>
  <testcase name="testYamaha" time="0.005" classname="testclasses.TestNg_Grouping"/>
</testsuite> <!-- testclasses.TestNg_Grouping -->
